D:\WorkSpace\ProjectLUT\serve.py:16: DeprecationWarning: 'cgi' is deprecated and slated for removal in Python 3.13
  import cgi
----------------------------------------
Exception occurred during processing of request from ('127.0.0.1', 57680)
Traceback (most recent call last):
  File "C:\Users\HQS\AppData\Local\Programs\Python\Python311\Lib\socketserver.py", line 317, in _handle_request_noblock
    self.process_request(request, client_address)
  File "C:\Users\HQS\AppData\Local\Programs\Python\Python311\Lib\socketserver.py", line 348, in process_request
    self.finish_request(request, client_address)
  File "C:\Users\HQS\AppData\Local\Programs\Python\Python311\Lib\socketserver.py", line 361, in finish_request
    self.RequestHandlerClass(request, client_address, self)
  File "C:\Users\HQS\AppData\Local\Programs\Python\Python311\Lib\socketserver.py", line 755, in __init__
    self.handle()
  File "C:\Users\HQS\AppData\Local\Programs\Python\Python311\Lib\http\server.py", line 432, in handle
    self.handle_one_request()
  File "C:\Users\HQS\AppData\Local\Programs\Python\Python311\Lib\http\server.py", line 420, in handle_one_request
    method()
  File "D:\WorkSpace\ProjectLUT\serve.py", line 40, in do_GET
    self.send_json({"ok": True})
  File "D:\WorkSpace\ProjectLUT\serve.py", line 129, in send_json
    self.wfile.write(body)
  File "C:\Users\HQS\AppData\Local\Programs\Python\Python311\Lib\socketserver.py", line 834, in write
    self._sock.sendall(b)
ConnectionAbortedError: [WinError 10053] 你的主机中的软件中止了一个已建立的连接。
----------------------------------------
----------------------------------------
Exception occurred during processing of request from ('127.0.0.1', 49298)
Traceback (most recent call last):
  File "C:\Users\HQS\AppData\Local\Programs\Python\Python311\Lib\socketserver.py", line 317, in _handle_request_noblock
    self.process_request(request, client_address)
  File "C:\Users\HQS\AppData\Local\Programs\Python\Python311\Lib\socketserver.py", line 348, in process_request
    self.finish_request(request, client_address)
  File "C:\Users\HQS\AppData\Local\Programs\Python\Python311\Lib\socketserver.py", line 361, in finish_request
    self.RequestHandlerClass(request, client_address, self)
  File "C:\Users\HQS\AppData\Local\Programs\Python\Python311\Lib\socketserver.py", line 755, in __init__
    self.handle()
  File "C:\Users\HQS\AppData\Local\Programs\Python\Python311\Lib\http\server.py", line 432, in handle
    self.handle_one_request()
  File "C:\Users\HQS\AppData\Local\Programs\Python\Python311\Lib\http\server.py", line 420, in handle_one_request
    method()
  File "D:\WorkSpace\ProjectLUT\serve.py", line 40, in do_GET
    self.send_json({"ok": True})
  File "D:\WorkSpace\ProjectLUT\serve.py", line 129, in send_json
    self.wfile.write(body)
  File "C:\Users\HQS\AppData\Local\Programs\Python\Python311\Lib\socketserver.py", line 834, in write
    self._sock.sendall(b)
ConnectionAbortedError: [WinError 10053] 你的主机中的软件中止了一个已建立的连接。
----------------------------------------
